0 info it worked if it ends with ok
1 verbose cli [ 'C:\\Program Files (x86)\\nodejs\\\\node.exe',
1 verbose cli   'C:\\Program Files (x86)\\nodejs\\node_modules\\npm\\bin\\npm-cli.js',
1 verbose cli   'install' ]
2 info using npm@1.4.28
3 info using node@v0.10.36
4 verbose node symlink C:\Program Files (x86)\nodejs\\node.exe
5 verbose readDependencies using package.json deps
6 verbose install where, deps [ 'C:\\Users\\Neal\\Documents\\Coursework\\EECS\\395\\TwInfluence',
6 verbose install   [ 'body-parser',
6 verbose install     'cookie-parser',
6 verbose install     'debug',
6 verbose install     'express',
6 verbose install     'jade',
6 verbose install     'morgan',
6 verbose install     'serve-favicon',
6 verbose install     'd3',
6 verbose install     'twit',
6 verbose install     'bootstrap',
6 verbose install     'snap.svg' ] ]
7 info preinstall TwInfluence@0.0.0
8 verbose readDependencies using package.json deps
9 verbose already installed skipping body-parser@~1.12.0 C:\Users\Neal\Documents\Coursework\EECS\395\TwInfluence
10 verbose already installed skipping cookie-parser@~1.3.4 C:\Users\Neal\Documents\Coursework\EECS\395\TwInfluence
11 verbose already installed skipping debug@~2.1.1 C:\Users\Neal\Documents\Coursework\EECS\395\TwInfluence
12 verbose already installed skipping express@~4.12.2 C:\Users\Neal\Documents\Coursework\EECS\395\TwInfluence
13 verbose already installed skipping jade@~1.9.2 C:\Users\Neal\Documents\Coursework\EECS\395\TwInfluence
14 verbose already installed skipping morgan@~1.5.1 C:\Users\Neal\Documents\Coursework\EECS\395\TwInfluence
15 verbose already installed skipping serve-favicon@~2.2.0 C:\Users\Neal\Documents\Coursework\EECS\395\TwInfluence
16 verbose already installed skipping d3@~3 C:\Users\Neal\Documents\Coursework\EECS\395\TwInfluence
17 verbose already installed skipping twit@~1.1.20 C:\Users\Neal\Documents\Coursework\EECS\395\TwInfluence
18 verbose already installed skipping bootstrap@~3.3.4 C:\Users\Neal\Documents\Coursework\EECS\395\TwInfluence
19 verbose cache add [ 'snap.svg@~0.4.1', null ]
20 verbose cache add name=undefined spec="snap.svg@~0.4.1" args=["snap.svg@~0.4.1",null]
21 verbose parsed url { protocol: null,
21 verbose parsed url   slashes: null,
21 verbose parsed url   auth: null,
21 verbose parsed url   host: null,
21 verbose parsed url   port: null,
21 verbose parsed url   hostname: null,
21 verbose parsed url   hash: null,
21 verbose parsed url   search: null,
21 verbose parsed url   query: null,
21 verbose parsed url   pathname: 'snap.svg@~0.4.1',
21 verbose parsed url   path: 'snap.svg@~0.4.1',
21 verbose parsed url   href: 'snap.svg@~0.4.1' }
22 verbose cache add name="snap.svg" spec="~0.4.1" args=["snap.svg","~0.4.1"]
23 verbose parsed url { protocol: null,
23 verbose parsed url   slashes: null,
23 verbose parsed url   auth: null,
23 verbose parsed url   host: null,
23 verbose parsed url   port: null,
23 verbose parsed url   hostname: null,
23 verbose parsed url   hash: null,
23 verbose parsed url   search: null,
23 verbose parsed url   query: null,
23 verbose parsed url   pathname: '~0.4.1',
23 verbose parsed url   path: '~0.4.1',
23 verbose parsed url   href: '~0.4.1' }
24 verbose addNamed [ 'snap.svg', '~0.4.1' ]
25 verbose addNamed [ null, '>=0.4.1-0 <0.5.0-0' ]
26 silly lockFile 312061f5-snap-svg-0-4-1 snap.svg@~0.4.1
27 verbose lock snap.svg@~0.4.1 C:\Users\Neal\AppData\Roaming\npm-cache\312061f5-snap-svg-0-4-1.lock
28 silly addNameRange { name: 'snap.svg', range: '>=0.4.1-0 <0.5.0-0', hasData: false }
29 verbose request where is /snap.svg
30 verbose request registry https://registry.npmjs.org/
31 verbose request id 94ad68d0fc5e1673
32 verbose url raw /snap.svg
33 verbose url resolving [ 'https://registry.npmjs.org/', './snap.svg' ]
34 verbose url resolved https://registry.npmjs.org/snap.svg
35 verbose request where is https://registry.npmjs.org/snap.svg
36 info trying registry request attempt 1 at 12:00:20
37 http GET https://registry.npmjs.org/snap.svg
38 http 404 https://registry.npmjs.org/snap.svg
39 verbose headers { server: 'CouchDB/1.5.0 (Erlang OTP/R16B03)',
39 verbose headers   'content-type': 'application/json',
39 verbose headers   'cache-control': 'max-age=0',
39 verbose headers   'content-length': '51',
39 verbose headers   'accept-ranges': 'bytes',
39 verbose headers   date: 'Sun, 17 May 2015 17:00:21 GMT',
39 verbose headers   via: '1.1 varnish',
39 verbose headers   age: '0',
39 verbose headers   connection: 'keep-alive',
39 verbose headers   'x-served-by': 'cache-ord1724-ORD',
39 verbose headers   'x-cache': 'MISS',
39 verbose headers   'x-cache-hits': '0',
39 verbose headers   'x-timer': 'S1431882020.896422,VS0,VE160' }
40 silly registry.get cb [ 404,
40 silly registry.get   { server: 'CouchDB/1.5.0 (Erlang OTP/R16B03)',
40 silly registry.get     'content-type': 'application/json',
40 silly registry.get     'cache-control': 'max-age=0',
40 silly registry.get     'content-length': '51',
40 silly registry.get     'accept-ranges': 'bytes',
40 silly registry.get     date: 'Sun, 17 May 2015 17:00:21 GMT',
40 silly registry.get     via: '1.1 varnish',
40 silly registry.get     age: '0',
40 silly registry.get     connection: 'keep-alive',
40 silly registry.get     'x-served-by': 'cache-ord1724-ORD',
40 silly registry.get     'x-cache': 'MISS',
40 silly registry.get     'x-cache-hits': '0',
40 silly registry.get     'x-timer': 'S1431882020.896422,VS0,VE160' } ]
41 silly lockFile 312061f5-snap-svg-0-4-1 snap.svg@~0.4.1
42 silly lockFile 312061f5-snap-svg-0-4-1 snap.svg@~0.4.1
43 error 404 404 Not Found: snap.svg
43 error 404
43 error 404 'snap.svg' is not in the npm registry.
43 error 404 You should bug the author to publish it
43 error 404 It was specified as a dependency of 'TwInfluence'
43 error 404
43 error 404 Note that you can also install from a
43 error 404 tarball, folder, or http url, or git url.
44 error System Windows_NT 6.2.9200
45 error command "C:\\Program Files (x86)\\nodejs\\\\node.exe" "C:\\Program Files (x86)\\nodejs\\node_modules\\npm\\bin\\npm-cli.js" "install"
46 error cwd C:\Users\Neal\Documents\Coursework\EECS\395\TwInfluence
47 error node -v v0.10.36
48 error npm -v 1.4.28
49 error code E404
50 verbose exit [ 1, true ]
